<?xml version="1.0" encoding="UTF-8"?>
<!-- Generated by org.testng.reporters.JUnitXMLReporter -->
<testsuite hostname="HPENVY" name="Add All Type of Customers and its Services" tests="6" failures="0" timestamp="12 Apr 2022 10:56:44 GMT" time="432.634" errors="0">
  <testcase name="Customer_Type_Residential" time="178.84" classname="Marketing_Project.Market_All_Cusotmer"/>
  <testcase name="Customer_Type_Business" time="41.869" classname="Marketing_Project.Market_All_Cusotmer"/>
  <testcase name="Customer_Type_Commercial" time="55.829" classname="Marketing_Project.Market_All_Cusotmer"/>
  <testcase name="Add_Provisional_Service" time="64.823" classname="Marketing_Project.Market_All_Cusotmer"/>
  <testcase name="Add_Service_ND_Update" time="52.248" classname="Marketing_Project.Market_All_Cusotmer"/>
  <testcase name="Update_service_Commercial" time="38.997" classname="Marketing_Project.Market_All_Cusotmer"/>
</testsuite> <!-- Add All Type of Customers and its Services -->
