<?xml version="1.0" encoding="UTF-8"?>
<!-- Generated by org.testng.reporters.JUnitXMLReporter -->
<testsuite hostname="DESKTOP-Q496GAK" ignored="0" name="Add All Type of Customers and its Services" tests="6" failures="0" timestamp="26 Apr 2021 05:46:50 GMT" time="239.603" errors="0">
  <testcase name="Customer_Type_Residential" time="45.738" classname="Marketing_Project.Market_All_Cusotmer"/>
  <testcase name="Customer_Type_Business" time="34.857" classname="Marketing_Project.Market_All_Cusotmer"/>
  <testcase name="Customer_Type_Commercial" time="43.461" classname="Marketing_Project.Market_All_Cusotmer"/>
  <testcase name="Add_Provisional_Service" time="41.423" classname="Marketing_Project.Market_All_Cusotmer"/>
  <testcase name="Add_Service_ND_Update" time="37.702" classname="Marketing_Project.Market_All_Cusotmer"/>
  <testcase name="Update_service_Commercial" time="26.766" classname="Marketing_Project.Market_All_Cusotmer"/>
</testsuite> <!-- Add All Type of Customers and its Services -->
