<?xml version="1.0" encoding="UTF-8"?>
<!-- Generated by org.testng.reporters.JUnitXMLReporter -->
<testsuite hostname="DESKTOP-Q496GAK" ignored="0" name="All Customers Billrun With No_Cycle" tests="6" failures="1" timestamp="26 Apr 2021 05:52:46 GMT" time="356.429" errors="0">
  <testcase name="Add_Meter" time="31.498" classname="Marketing_Project.Billrun_With_No_Cycle"/>
  <testcase name="Add_Meter_Register" time="11.322" classname="Marketing_Project.Billrun_With_No_Cycle"/>
  <testcase name="Add_Meter_Reads" time="46.539" classname="Marketing_Project.Billrun_With_No_Cycle"/>
  <testcase name="Add_Metering_Commercial_Customer" time="89.62" classname="Marketing_Project.Billrun_With_No_Cycle"/>
  <testcase name="Add_Metering_Business_Customer" time="89.285" classname="Marketing_Project.Billrun_With_No_Cycle"/>
  <testcase name="Bill_Run_Without_Selecting_Cycle" time="78.413" classname="Marketing_Project.Billrun_With_No_Cycle">
    <failure type="java.lang.NullPointerException">
      <![CDATA[java.lang.NullPointerException
at Re_Useable.Assertion_Test.Assertion_Process_All_Customers(Assertion_Test.java:325)
at Marketing_Project.Billrun_With_No_Cycle.Bill_Run_Without_Selecting_Cycle(Billrun_With_No_Cycle.java:834)
... Removed 25 stack frames]]>
    </failure>
  </testcase> <!-- Bill_Run_Without_Selecting_Cycle -->
</testsuite> <!-- All Customers Billrun With No_Cycle -->
