<?xml version="1.0" encoding="UTF-8"?>
<!-- Generated by org.testng.reporters.JUnitXMLReporter -->
<testsuite hostname="HPENVY" name="All Customers Billrun With No_Cycle" tests="6" failures="0" timestamp="12 Apr 2022 11:04:23 GMT" time="458.81" errors="0">
  <testcase name="Add_Meter" time="97.028" classname="Marketing_Project.Billrun_With_No_Cycle"/>
  <testcase name="Add_Meter_Register" time="21.156" classname="Marketing_Project.Billrun_With_No_Cycle"/>
  <testcase name="Add_Meter_Reads" time="47.992" classname="Marketing_Project.Billrun_With_No_Cycle"/>
  <testcase name="Add_Metering_Commercial_Customer" time="112.936" classname="Marketing_Project.Billrun_With_No_Cycle"/>
  <testcase name="Add_Metering_Business_Customer" time="96.991" classname="Marketing_Project.Billrun_With_No_Cycle"/>
  <testcase name="Bill_Run_Without_Selecting_Cycle" time="82.679" classname="Marketing_Project.Billrun_With_No_Cycle"/>
</testsuite> <!-- All Customers Billrun With No_Cycle -->
