<?xml version="1.0" encoding="UTF-8"?>
<!-- Generated by org.testng.reporters.JUnitXMLReporter -->
<testsuite hostname="DESKTOP-Q496GAK" ignored="0" name="billrun with import meter and meter register" tests="2" failures="0" timestamp="20 Apr 2021 07:26:44 GMT" time="131.365" errors="0">
  <testcase name="Add_Customer_and_Service" time="72.283" classname="Marketing_Project.billrun_with_Import_Meter_and_Meter_Register"/>
  <testcase name="Import_Meter_Number" time="43.305" classname="Marketing_Project.billrun_with_Import_Meter_and_Meter_Register"/>
</testsuite> <!-- billrun with import meter and meter register -->
