<?xml version="1.0" encoding="UTF-8"?>
<!-- Generated by org.testng.reporters.JUnitXMLReporter -->
<testsuite hostname="HPENVY" name="Import TOU File And Add Plans" tests="6" failures="0" timestamp="12 Apr 2022 10:49:31 GMT" time="346.023" errors="0">
  <testcase name="Import_TOU_Definition" time="134.249" classname="Marketing_Project.Market_TOU_FIle_and_AddPlan"/>
  <testcase name="Add_Simple_Plan" time="32.892" classname="Marketing_Project.Market_TOU_FIle_and_AddPlan"/>
  <testcase name="Add_planWith_NetworkRats" time="44.452" classname="Marketing_Project.Market_TOU_FIle_and_AddPlan"/>
  <testcase name="Add_PlanWith_RetailRates" time="68.086" classname="Marketing_Project.Market_TOU_FIle_and_AddPlan"/>
  <testcase name="Other_plan" time="43.796" classname="Marketing_Project.Market_TOU_FIle_and_AddPlan"/>
  <testcase name="Add_ProRated_Rates" time="22.461" classname="Marketing_Project.Market_TOU_FIle_and_AddPlan"/>
</testsuite> <!-- Import TOU File And Add Plans -->
