<?xml version="1.0" encoding="UTF-8"?>
<!-- Generated by org.testng.reporters.JUnitXMLReporter -->
<testsuite hostname="DESKTOP-Q496GAK" ignored="0" name="Run Bill to Check Auto Due Date Feature for All Customer type" tests="8" failures="0" timestamp="26 Apr 2021 06:31:54 GMT" time="784.678" errors="0">
  <testcase name="Enable_Due_Date_By_Payment_Terms" time="19.125" classname="Marketing_Project.Enable_Auto_Due_Date"/>
  <testcase name="Add_Commercial_customer" time="153.988" classname="Marketing_Project.Enable_Auto_Due_Date"/>
  <testcase name="Add_Residential_Customer" time="141.535" classname="Marketing_Project.Enable_Auto_Due_Date"/>
  <testcase name="Add_Bussiness_Customer" time="140.159" classname="Marketing_Project.Enable_Auto_Due_Date"/>
  <testcase name="Add_BillRun_Cycle" time="40.438" classname="Marketing_Project.Enable_Auto_Due_Date"/>
  <testcase name="Calender_Days_Due_Date" time="35.683" classname="Marketing_Project.Enable_Auto_Due_Date"/>
  <testcase name="End_of_Month_Due_Date" time="62.902" classname="Marketing_Project.Enable_Auto_Due_Date"/>
  <testcase name="Business_Days_Due_Date" time="181.208" classname="Marketing_Project.Enable_Auto_Due_Date"/>
</testsuite> <!-- Run Bill to Check Auto Due Date Feature for All Customer type -->
