<?xml version="1.0" encoding="UTF-8"?>
<!-- Generated by org.testng.reporters.JUnitXMLReporter -->
<testsuite hostname="HPENVY" name="Single Customer Bill Run, Rollback and Rebill" tests="8" failures="0" timestamp="12 Apr 2022 11:11:08 GMT" time="405.113" errors="0">
  <testcase name="Add_Customer_and_Service" time="140.62" classname="Marketing_Project.Single_Customer_Bill_Run"/>
  <testcase name="Add_Meter" time="29.658" classname="Marketing_Project.Single_Customer_Bill_Run"/>
  <testcase name="Add_Meter_Register" time="20.899" classname="Marketing_Project.Single_Customer_Bill_Run"/>
  <testcase name="Add_Meter_Reads" time="47.297" classname="Marketing_Project.Single_Customer_Bill_Run"/>
  <testcase name="Add_BillRun_Cycle" time="27.589" classname="Marketing_Project.Single_Customer_Bill_Run"/>
  <testcase name="Bill_Run" time="35.751" classname="Marketing_Project.Single_Customer_Bill_Run"/>
  <testcase name="Full_Statement_Rollback" time="24.376" classname="Marketing_Project.Single_Customer_Bill_Run"/>
  <testcase name="Single_Customer_Rollback" time="78.897" classname="Marketing_Project.Single_Customer_Bill_Run"/>
</testsuite> <!-- Single Customer Bill Run, Rollback and Rebill -->
