<?xml version="1.0" encoding="UTF-8"?>
<!-- Generated by org.testng.reporters.JUnitXMLReporter -->
<testsuite hostname="HPENVY" name="Two Customers Bill Run, Rollback and Rebill" tests="12" failures="0" timestamp="12 Apr 2022 11:24:56 GMT" time="827.947" errors="0">
  <testcase name="Add_First_Customer_and_Service" time="168.45" classname="Marketing_Project.Two_Customers_Bill_Run"/>
  <testcase name="Add_Meter" time="34.128" classname="Marketing_Project.Two_Customers_Bill_Run"/>
  <testcase name="Add_Meter_Register" time="24.238" classname="Marketing_Project.Two_Customers_Bill_Run"/>
  <testcase name="Add_Meter_Reads" time="48.601" classname="Marketing_Project.Two_Customers_Bill_Run"/>
  <testcase name="Add_Second_Customer_and_Service" time="91.489" classname="Marketing_Project.Two_Customers_Bill_Run"/>
  <testcase name="Add_Metering_Second_Customer" time="98.035" classname="Marketing_Project.Two_Customers_Bill_Run"/>
  <testcase name="Add_BillRun_Cycle" time="37.013" classname="Marketing_Project.Two_Customers_Bill_Run"/>
  <testcase name="Bill_Run" time="37.795" classname="Marketing_Project.Two_Customers_Bill_Run"/>
  <testcase name="Full_Statement_Rollback" time="23.215" classname="Marketing_Project.Two_Customers_Bill_Run"/>
  <testcase name="Single_Customer_Rollback" time="177.989" classname="Marketing_Project.Two_Customers_Bill_Run"/>
  <testcase name="Rebill_and_Reuse_Statement" time="35.97" classname="Marketing_Project.Two_Customers_Bill_Run"/>
  <testcase name="Rebill_with_new_Statement" time="50.99" classname="Marketing_Project.Two_Customers_Bill_Run"/>
</testsuite> <!-- Two Customers Bill Run, Rollback and Rebill -->
