<?xml version="1.0" encoding="UTF-8"?>
<!-- Generated by org.testng.reporters.JUnitXMLReporter -->
<testsuite hostname="HPENVY" name="Update Customer Service Details" tests="6" failures="0" timestamp="12 Apr 2022 11:48:01 GMT" time="442.129" errors="0">
  <testcase name="Add_Customer" time="138.927" classname="Marketing_Project.Customer_Update"/>
  <testcase name="Add_Service_ND_Update" time="98.758" classname="Marketing_Project.Customer_Update"/>
  <testcase name="Add_Siteparamenter" time="35.523" classname="Marketing_Project.Customer_Update"/>
  <testcase name="AddSite_plan_fromService" time="58.995" classname="Marketing_Project.Customer_Update"/>
  <testcase name="Add_BillRun_Cycle" time="66.906" classname="Marketing_Project.Customer_Update"/>
  <testcase name="Edit_BillRUn" time="42.993" classname="Marketing_Project.Customer_Update"/>
</testsuite> <!-- Update Customer Service Details -->
